<?xml version="1.0" encoding="UTF-8"?>
<testng-results ignored="0" total="19" passed="18" failed="0" skipped="1">
  <reporter-output>
  </reporter-output>
  <suite started-at="2026-03-09T17:08:18 ICT" name="Regression Suite" finished-at="2026-03-09T17:08:22 ICT" duration-ms="3619">
    <groups>
    </groups>
    <test started-at="2026-03-09T17:08:18 ICT" name="User API Tests" finished-at="2026-03-09T17:08:22 ICT" duration-ms="3619">
      <class name="com.automation.tests.user.DatabaseValidationTest">
        <test-method is-config="true" signature="beforeMethod()[pri:0, instance:com.automation.tests.user.DatabaseValidationTest@14d8444b]" started-at="2026-03-09T17:08:18 ICT" name="beforeMethod" finished-at="2026-03-09T17:08:18 ICT" duration-ms="2" status="PASS">
          <reporter-output>
          </reporter-output>
        </test-method> <!-- beforeMethod -->
        <test-method signature="validateAuditLogAfterUpdate()[pri:0, instance:com.automation.tests.user.DatabaseValidationTest@14d8444b]" started-at="2026-03-09T17:08:18 ICT" name="validateAuditLogAfterUpdate" description="DB_04 - Verify audit_log inserted correctly" finished-at="2026-03-09T17:08:21 ICT" duration-ms="2582" status="PASS">
          <reporter-output>
          </reporter-output>
        </test-method> <!-- validateAuditLogAfterUpdate -->
        <test-method is-config="true" signature="afterMethod()[pri:0, instance:com.automation.tests.user.DatabaseValidationTest@14d8444b]" started-at="2026-03-09T17:08:21 ICT" name="afterMethod" finished-at="2026-03-09T17:08:21 ICT" duration-ms="0" status="PASS">
          <reporter-output>
          </reporter-output>
        </test-method> <!-- afterMethod -->
        <test-method is-config="true" signature="beforeMethod()[pri:0, instance:com.automation.tests.user.DatabaseValidationTest@14d8444b]" started-at="2026-03-09T17:08:21 ICT" name="beforeMethod" finished-at="2026-03-09T17:08:21 ICT" duration-ms="1" status="PASS">
          <reporter-output>
          </reporter-output>
        </test-method> <!-- beforeMethod -->
        <test-method signature="validateDeleteRemovedRecord()[pri:0, instance:com.automation.tests.user.DatabaseValidationTest@14d8444b]" started-at="2026-03-09T17:08:21 ICT" name="validateDeleteRemovedRecord" description="DB_03 - Verify delete removed record" finished-at="2026-03-09T17:08:21 ICT" duration-ms="76" status="PASS">
          <reporter-output>
          </reporter-output>
        </test-method> <!-- validateDeleteRemovedRecord -->
        <test-method is-config="true" signature="afterMethod()[pri:0, instance:com.automation.tests.user.DatabaseValidationTest@14d8444b]" started-at="2026-03-09T17:08:21 ICT" name="afterMethod" finished-at="2026-03-09T17:08:21 ICT" duration-ms="0" status="PASS">
          <reporter-output>
          </reporter-output>
        </test-method> <!-- afterMethod -->
        <test-method is-config="true" signature="beforeMethod()[pri:0, instance:com.automation.tests.user.DatabaseValidationTest@14d8444b]" started-at="2026-03-09T17:08:21 ICT" name="beforeMethod" finished-at="2026-03-09T17:08:21 ICT" duration-ms="0" status="PASS">
          <reporter-output>
          </reporter-output>
        </test-method> <!-- beforeMethod -->
        <test-method signature="validateEmailUniquenessConstraint()[pri:0, instance:com.automation.tests.user.DatabaseValidationTest@14d8444b]" started-at="2026-03-09T17:08:21 ICT" name="validateEmailUniquenessConstraint" description="DB_05 - Verify email uniqueness constraint" finished-at="2026-03-09T17:08:21 ICT" duration-ms="100" status="PASS">
          <reporter-output>
          </reporter-output>
        </test-method> <!-- validateEmailUniquenessConstraint -->
        <test-method is-config="true" signature="afterMethod()[pri:0, instance:com.automation.tests.user.DatabaseValidationTest@14d8444b]" started-at="2026-03-09T17:08:21 ICT" name="afterMethod" finished-at="2026-03-09T17:08:21 ICT" duration-ms="0" status="PASS">
          <reporter-output>
          </reporter-output>
        </test-method> <!-- afterMethod -->
        <test-method is-config="true" signature="beforeMethod()[pri:0, instance:com.automation.tests.user.DatabaseValidationTest@14d8444b]" started-at="2026-03-09T17:08:21 ICT" name="beforeMethod" finished-at="2026-03-09T17:08:21 ICT" duration-ms="1" status="PASS">
          <reporter-output>
          </reporter-output>
        </test-method> <!-- beforeMethod -->
        <test-method signature="validateUpdateReflectedInDb()[pri:0, instance:com.automation.tests.user.DatabaseValidationTest@14d8444b]" started-at="2026-03-09T17:08:21 ICT" name="validateUpdateReflectedInDb" description="DB_02 - Verify update reflected in DB" finished-at="2026-03-09T17:08:21 ICT" duration-ms="63" status="PASS">
          <reporter-output>
          </reporter-output>
        </test-method> <!-- validateUpdateReflectedInDb -->
        <test-method is-config="true" signature="afterMethod()[pri:0, instance:com.automation.tests.user.DatabaseValidationTest@14d8444b]" started-at="2026-03-09T17:08:21 ICT" name="afterMethod" finished-at="2026-03-09T17:08:21 ICT" duration-ms="0" status="PASS">
          <reporter-output>
          </reporter-output>
        </test-method> <!-- afterMethod -->
        <test-method is-config="true" signature="beforeMethod()[pri:0, instance:com.automation.tests.user.DatabaseValidationTest@14d8444b]" started-at="2026-03-09T17:08:21 ICT" name="beforeMethod" finished-at="2026-03-09T17:08:21 ICT" duration-ms="1" status="PASS">
          <reporter-output>
          </reporter-output>
        </test-method> <!-- beforeMethod -->
        <test-method signature="validateUserInsertedAfterPost()[pri:0, instance:com.automation.tests.user.DatabaseValidationTest@14d8444b]" started-at="2026-03-09T17:08:21 ICT" name="validateUserInsertedAfterPost" description="DB_01 - Verify user inserted after POST" finished-at="2026-03-09T17:08:21 ICT" duration-ms="104" status="PASS">
          <reporter-output>
          </reporter-output>
        </test-method> <!-- validateUserInsertedAfterPost -->
        <test-method is-config="true" signature="afterMethod()[pri:0, instance:com.automation.tests.user.DatabaseValidationTest@14d8444b]" started-at="2026-03-09T17:08:21 ICT" name="afterMethod" finished-at="2026-03-09T17:08:21 ICT" duration-ms="0" status="PASS">
          <reporter-output>
          </reporter-output>
        </test-method> <!-- afterMethod -->
      </class> <!-- com.automation.tests.user.DatabaseValidationTest -->
      <class name="com.automation.tests.user.UserApiTest">
        <test-method is-config="true" signature="beforeSuite()[pri:0, instance:com.automation.tests.user.UserApiTest@9d3c67]" started-at="2026-03-09T17:08:17 ICT" name="beforeSuite" finished-at="2026-03-09T17:08:18 ICT" duration-ms="1025" status="PASS">
          <reporter-output>
          </reporter-output>
        </test-method> <!-- beforeSuite -->
        <test-method is-config="true" signature="beforeMethod()[pri:0, instance:com.automation.tests.user.UserApiTest@9d3c67]" started-at="2026-03-09T17:08:18 ICT" name="beforeMethod" finished-at="2026-03-09T17:08:18 ICT" duration-ms="2" status="PASS">
          <reporter-output>
          </reporter-output>
        </test-method> <!-- beforeMethod -->
        <test-method signature="testDuplicateEmail()[pri:0, instance:com.automation.tests.user.UserApiTest@9d3c67]" started-at="2026-03-09T17:08:18 ICT" name="testDuplicateEmail" description="API_05 - Duplicate Email Registration" finished-at="2026-03-09T17:08:20 ICT" duration-ms="1843" status="PASS">
          <reporter-output>
          </reporter-output>
        </test-method> <!-- testDuplicateEmail -->
        <test-method is-config="true" signature="afterMethod()[pri:0, instance:com.automation.tests.user.UserApiTest@9d3c67]" started-at="2026-03-09T17:08:20 ICT" name="afterMethod" finished-at="2026-03-09T17:08:20 ICT" duration-ms="1" status="PASS">
          <reporter-output>
          </reporter-output>
        </test-method> <!-- afterMethod -->
        <test-method is-config="true" signature="beforeMethod()[pri:0, instance:com.automation.tests.user.UserApiTest@9d3c67]" started-at="2026-03-09T17:08:20 ICT" name="beforeMethod" finished-at="2026-03-09T17:08:20 ICT" duration-ms="1" status="PASS">
          <reporter-output>
          </reporter-output>
        </test-method> <!-- beforeMethod -->
        <test-method signature="testExternalConnect()[pri:0, instance:com.automation.tests.user.UserApiTest@9d3c67]" started-at="2026-03-09T17:08:20 ICT" name="testExternalConnect" description="API_12 - External Connect" finished-at="2026-03-09T17:08:21 ICT" duration-ms="590" status="PASS">
          <reporter-output>
          </reporter-output>
        </test-method> <!-- testExternalConnect -->
        <test-method is-config="true" signature="afterMethod()[pri:0, instance:com.automation.tests.user.UserApiTest@9d3c67]" started-at="2026-03-09T17:08:21 ICT" name="afterMethod" finished-at="2026-03-09T17:08:21 ICT" duration-ms="0" status="PASS">
          <reporter-output>
          </reporter-output>
        </test-method> <!-- afterMethod -->
        <test-method is-config="true" signature="beforeMethod()[pri:0, instance:com.automation.tests.user.UserApiTest@9d3c67]" started-at="2026-03-09T17:08:21 ICT" name="beforeMethod" finished-at="2026-03-09T17:08:21 ICT" duration-ms="1" status="PASS">
          <reporter-output>
          </reporter-output>
        </test-method> <!-- beforeMethod -->
        <test-method signature="testExternalFailure()[pri:0, instance:com.automation.tests.user.UserApiTest@9d3c67]" started-at="2026-03-09T17:08:21 ICT" name="testExternalFailure" description="API_13 - External Failure" finished-at="2026-03-09T17:08:21 ICT" duration-ms="419" status="SKIP">
          <exception class="org.testng.SkipException">
            <message>
              <![CDATA[External provider is healthy. Enable failure mock/stub to validate API_13.]]>
            </message>
            <full-stacktrace>
              <![CDATA[org.testng.SkipException: External provider is healthy. Enable failure mock/stub to validate API_13.
at com.automation.tests.user.UserApiTest.testExternalFailure(UserApiTest.java:163)
at java.base/jdk.internal.reflect.NativeMethodAccessorImpl.invoke0(Native Method)
at java.base/jdk.internal.reflect.NativeMethodAccessorImpl.invoke(NativeMethodAccessorImpl.java:77)
at java.base/jdk.internal.reflect.DelegatingMethodAccessorImpl.invoke(DelegatingMethodAccessorImpl.java:43)
at java.base/java.lang.reflect.Method.invoke(Method.java:568)
at org.testng.internal.invokers.MethodInvocationHelper.invokeMethod(MethodInvocationHelper.java:141)
at org.testng.internal.invokers.TestInvoker.invokeMethod(TestInvoker.java:686)
at org.testng.internal.invokers.TestInvoker.invokeTestMethod(TestInvoker.java:230)
at org.testng.internal.invokers.MethodRunner.runInSequence(MethodRunner.java:63)
at org.testng.internal.invokers.TestInvoker$MethodInvocationAgent.invoke(TestInvoker.java:992)
at org.testng.internal.invokers.TestInvoker.invokeTestMethods(TestInvoker.java:203)
at org.testng.internal.invokers.TestMethodWorker.invokeTestMethods(TestMethodWorker.java:154)
at org.testng.internal.invokers.TestMethodWorker.run(TestMethodWorker.java:134)
at java.base/java.util.concurrent.Executors$RunnableAdapter.call(Executors.java:539)
at java.base/java.util.concurrent.FutureTask.run(FutureTask.java:264)
at org.testng.internal.thread.graph.TestNGFutureTask.run(TestNGFutureTask.java:22)
at java.base/java.util.concurrent.ThreadPoolExecutor.runWorker(ThreadPoolExecutor.java:1136)
at java.base/java.util.concurrent.ThreadPoolExecutor$Worker.run(ThreadPoolExecutor.java:635)
at java.base/java.lang.Thread.run(Thread.java:842)
]]>
            </full-stacktrace>
          </exception> <!-- org.testng.SkipException -->
          <reporter-output>
          </reporter-output>
        </test-method> <!-- testExternalFailure -->
        <test-method is-config="true" signature="afterMethod()[pri:0, instance:com.automation.tests.user.UserApiTest@9d3c67]" started-at="2026-03-09T17:08:21 ICT" name="afterMethod" finished-at="2026-03-09T17:08:21 ICT" duration-ms="1" status="PASS">
          <reporter-output>
          </reporter-output>
        </test-method> <!-- afterMethod -->
        <test-method is-config="true" signature="beforeMethod()[pri:0, instance:com.automation.tests.user.UserApiTest@9d3c67]" started-at="2026-03-09T17:08:21 ICT" name="beforeMethod" finished-at="2026-03-09T17:08:21 ICT" duration-ms="1" status="PASS">
          <reporter-output>
          </reporter-output>
        </test-method> <!-- beforeMethod -->
        <test-method signature="testGetApiInfo()[pri:0, instance:com.automation.tests.user.UserApiTest@9d3c67]" started-at="2026-03-09T17:08:21 ICT" name="testGetApiInfo" description="API_15 - Get API Info (Root)" finished-at="2026-03-09T17:08:21 ICT" duration-ms="22" status="PASS">
          <reporter-output>
          </reporter-output>
        </test-method> <!-- testGetApiInfo -->
        <test-method is-config="true" signature="afterMethod()[pri:0, instance:com.automation.tests.user.UserApiTest@9d3c67]" started-at="2026-03-09T17:08:21 ICT" name="afterMethod" finished-at="2026-03-09T17:08:21 ICT" duration-ms="1" status="PASS">
          <reporter-output>
          </reporter-output>
        </test-method> <!-- afterMethod -->
        <test-method is-config="true" signature="beforeMethod()[pri:0, instance:com.automation.tests.user.UserApiTest@9d3c67]" started-at="2026-03-09T17:08:21 ICT" name="beforeMethod" finished-at="2026-03-09T17:08:21 ICT" duration-ms="1" status="PASS">
          <reporter-output>
          </reporter-output>
        </test-method> <!-- beforeMethod -->
        <test-method signature="testGetNonExistingId()[pri:0, instance:com.automation.tests.user.UserApiTest@9d3c67]" started-at="2026-03-09T17:08:21 ICT" name="testGetNonExistingId" description="API_11 - Non-existing ID" finished-at="2026-03-09T17:08:21 ICT" duration-ms="18" status="PASS">
          <reporter-output>
          </reporter-output>
        </test-method> <!-- testGetNonExistingId -->
        <test-method is-config="true" signature="afterMethod()[pri:0, instance:com.automation.tests.user.UserApiTest@9d3c67]" started-at="2026-03-09T17:08:21 ICT" name="afterMethod" finished-at="2026-03-09T17:08:21 ICT" duration-ms="1" status="PASS">
          <reporter-output>
          </reporter-output>
        </test-method> <!-- afterMethod -->
        <test-method is-config="true" signature="beforeMethod()[pri:0, instance:com.automation.tests.user.UserApiTest@9d3c67]" started-at="2026-03-09T17:08:21 ICT" name="beforeMethod" finished-at="2026-03-09T17:08:21 ICT" duration-ms="0" status="PASS">
          <reporter-output>
          </reporter-output>
        </test-method> <!-- beforeMethod -->
        <test-method signature="testGetUsers()[pri:0, instance:com.automation.tests.user.UserApiTest@9d3c67]" started-at="2026-03-09T17:08:21 ICT" name="testGetUsers" description="API_02 - Get Users with pagination" finished-at="2026-03-09T17:08:21 ICT" duration-ms="33" status="PASS">
          <reporter-output>
          </reporter-output>
        </test-method> <!-- testGetUsers -->
        <test-method is-config="true" signature="afterMethod()[pri:0, instance:com.automation.tests.user.UserApiTest@9d3c67]" started-at="2026-03-09T17:08:21 ICT" name="afterMethod" finished-at="2026-03-09T17:08:21 ICT" duration-ms="1" status="PASS">
          <reporter-output>
          </reporter-output>
        </test-method> <!-- afterMethod -->
        <test-method is-config="true" signature="beforeMethod()[pri:0, instance:com.automation.tests.user.UserApiTest@9d3c67]" started-at="2026-03-09T17:08:21 ICT" name="beforeMethod" finished-at="2026-03-09T17:08:21 ICT" duration-ms="1" status="PASS">
          <reporter-output>
          </reporter-output>
        </test-method> <!-- beforeMethod -->
        <test-method signature="testInvalidDataType()[pri:0, instance:com.automation.tests.user.UserApiTest@9d3c67]" started-at="2026-03-09T17:08:21 ICT" name="testInvalidDataType" description="API_17 - Invalid Data Type (Registered date)" finished-at="2026-03-09T17:08:21 ICT" duration-ms="16" status="PASS">
          <reporter-output>
          </reporter-output>
        </test-method> <!-- testInvalidDataType -->
        <test-method is-config="true" signature="afterMethod()[pri:0, instance:com.automation.tests.user.UserApiTest@9d3c67]" started-at="2026-03-09T17:08:21 ICT" name="afterMethod" finished-at="2026-03-09T17:08:21 ICT" duration-ms="1" status="PASS">
          <reporter-output>
          </reporter-output>
        </test-method> <!-- afterMethod -->
        <test-method is-config="true" signature="beforeMethod()[pri:0, instance:com.automation.tests.user.UserApiTest@9d3c67]" started-at="2026-03-09T17:08:21 ICT" name="beforeMethod" finished-at="2026-03-09T17:08:21 ICT" duration-ms="1" status="PASS">
          <reporter-output>
          </reporter-output>
        </test-method> <!-- beforeMethod -->
        <test-method signature="testInvalidEmail()[pri:0, instance:com.automation.tests.user.UserApiTest@9d3c67]" started-at="2026-03-09T17:08:21 ICT" name="testInvalidEmail" description="API_06 - Invalid Email" finished-at="2026-03-09T17:08:21 ICT" duration-ms="20" status="PASS">
          <reporter-output>
          </reporter-output>
        </test-method> <!-- testInvalidEmail -->
        <test-method is-config="true" signature="afterMethod()[pri:0, instance:com.automation.tests.user.UserApiTest@9d3c67]" started-at="2026-03-09T17:08:21 ICT" name="afterMethod" finished-at="2026-03-09T17:08:21 ICT" duration-ms="1" status="PASS">
          <reporter-output>
          </reporter-output>
        </test-method> <!-- afterMethod -->
        <test-method is-config="true" signature="beforeMethod()[pri:0, instance:com.automation.tests.user.UserApiTest@9d3c67]" started-at="2026-03-09T17:08:21 ICT" name="beforeMethod" finished-at="2026-03-09T17:08:21 ICT" duration-ms="0" status="PASS">
          <reporter-output>
          </reporter-output>
        </test-method> <!-- beforeMethod -->
        <test-method signature="testMissingFields()[pri:0, instance:com.automation.tests.user.UserApiTest@9d3c67]" started-at="2026-03-09T17:08:21 ICT" name="testMissingFields" description="API_07 - Missing Fields" finished-at="2026-03-09T17:08:21 ICT" duration-ms="12" status="PASS">
          <reporter-output>
          </reporter-output>
        </test-method> <!-- testMissingFields -->
        <test-method is-config="true" signature="afterMethod()[pri:0, instance:com.automation.tests.user.UserApiTest@9d3c67]" started-at="2026-03-09T17:08:21 ICT" name="afterMethod" finished-at="2026-03-09T17:08:21 ICT" duration-ms="0" status="PASS">
          <reporter-output>
          </reporter-output>
        </test-method> <!-- afterMethod -->
        <test-method signature="testPaginationLowBoundary()[pri:0, instance:com.automation.tests.user.UserApiTest@9d3c67]" started-at="2026-03-09T17:08:21 ICT" name="testPaginationLowBoundary" description="API_08 - Pagination Low Boundary" finished-at="2026-03-09T17:08:21 ICT" duration-ms="15" status="PASS">
          <reporter-output>
          </reporter-output>
        </test-method> <!-- testPaginationLowBoundary -->
        <test-method is-config="true" signature="beforeMethod()[pri:0, instance:com.automation.tests.user.UserApiTest@9d3c67]" started-at="2026-03-09T17:08:21 ICT" name="beforeMethod" finished-at="2026-03-09T17:08:21 ICT" duration-ms="0" status="PASS">
          <reporter-output>
          </reporter-output>
        </test-method> <!-- beforeMethod -->
        <test-method is-config="true" signature="afterMethod()[pri:0, instance:com.automation.tests.user.UserApiTest@9d3c67]" started-at="2026-03-09T17:08:21 ICT" name="afterMethod" finished-at="2026-03-09T17:08:21 ICT" duration-ms="0" status="PASS">
          <reporter-output>
          </reporter-output>
        </test-method> <!-- afterMethod -->
        <test-method is-config="true" signature="beforeMethod()[pri:0, instance:com.automation.tests.user.UserApiTest@9d3c67]" started-at="2026-03-09T17:08:21 ICT" name="beforeMethod" finished-at="2026-03-09T17:08:21 ICT" duration-ms="1" status="PASS">
          <reporter-output>
          </reporter-output>
        </test-method> <!-- beforeMethod -->
        <test-method signature="testPaginationMaxBoundary()[pri:0, instance:com.automation.tests.user.UserApiTest@9d3c67]" started-at="2026-03-09T17:08:21 ICT" name="testPaginationMaxBoundary" description="API_09 - Pagination Max Boundary" finished-at="2026-03-09T17:08:21 ICT" duration-ms="21" status="PASS">
          <reporter-output>
          </reporter-output>
        </test-method> <!-- testPaginationMaxBoundary -->
        <test-method is-config="true" signature="afterMethod()[pri:0, instance:com.automation.tests.user.UserApiTest@9d3c67]" started-at="2026-03-09T17:08:21 ICT" name="afterMethod" finished-at="2026-03-09T17:08:21 ICT" duration-ms="1" status="PASS">
          <reporter-output>
          </reporter-output>
        </test-method> <!-- afterMethod -->
        <test-method is-config="true" signature="beforeMethod()[pri:0, instance:com.automation.tests.user.UserApiTest@9d3c67]" started-at="2026-03-09T17:08:21 ICT" name="beforeMethod" finished-at="2026-03-09T17:08:21 ICT" duration-ms="0" status="PASS">
          <reporter-output>
          </reporter-output>
        </test-method> <!-- beforeMethod -->
        <test-method signature="testPerformance()[pri:0, instance:com.automation.tests.user.UserApiTest@9d3c67]" started-at="2026-03-09T17:08:21 ICT" name="testPerformance" description="API_14 - Performance" finished-at="2026-03-09T17:08:21 ICT" duration-ms="10" status="PASS">
          <reporter-output>
          </reporter-output>
        </test-method> <!-- testPerformance -->
        <test-method is-config="true" signature="afterMethod()[pri:0, instance:com.automation.tests.user.UserApiTest@9d3c67]" started-at="2026-03-09T17:08:21 ICT" name="afterMethod" finished-at="2026-03-09T17:08:21 ICT" duration-ms="0" status="PASS">
          <reporter-output>
          </reporter-output>
        </test-method> <!-- afterMethod -->
        <test-method is-config="true" signature="beforeMethod()[pri:0, instance:com.automation.tests.user.UserApiTest@9d3c67]" started-at="2026-03-09T17:08:21 ICT" name="beforeMethod" finished-at="2026-03-09T17:08:21 ICT" duration-ms="1" status="PASS">
          <reporter-output>
          </reporter-output>
        </test-method> <!-- beforeMethod -->
        <test-method signature="testSqlInjectionSearch()[pri:0, instance:com.automation.tests.user.UserApiTest@9d3c67]" started-at="2026-03-09T17:08:21 ICT" name="testSqlInjectionSearch" description="API_10 - SQL Injection in Search" finished-at="2026-03-09T17:08:21 ICT" duration-ms="19" status="PASS">
          <reporter-output>
          </reporter-output>
        </test-method> <!-- testSqlInjectionSearch -->
        <test-method is-config="true" signature="afterMethod()[pri:0, instance:com.automation.tests.user.UserApiTest@9d3c67]" started-at="2026-03-09T17:08:21 ICT" name="afterMethod" finished-at="2026-03-09T17:08:21 ICT" duration-ms="0" status="PASS">
          <reporter-output>
          </reporter-output>
        </test-method> <!-- afterMethod -->
        <test-method is-config="true" signature="beforeMethod()[pri:0, instance:com.automation.tests.user.UserApiTest@9d3c67]" started-at="2026-03-09T17:08:21 ICT" name="beforeMethod" finished-at="2026-03-09T17:08:21 ICT" duration-ms="1" status="PASS">
          <reporter-output>
          </reporter-output>
        </test-method> <!-- beforeMethod -->
        <test-method signature="testUserCrudFlow()[pri:0, instance:com.automation.tests.user.UserApiTest@9d3c67]" started-at="2026-03-09T17:08:21 ICT" name="testUserCrudFlow" description="API_01, API_16, API_03, API_04 - CRUD Flow" finished-at="2026-03-09T17:08:22 ICT" duration-ms="378" status="PASS">
          <reporter-output>
          </reporter-output>
        </test-method> <!-- testUserCrudFlow -->
        <test-method is-config="true" signature="afterMethod()[pri:0, instance:com.automation.tests.user.UserApiTest@9d3c67]" started-at="2026-03-09T17:08:22 ICT" name="afterMethod" finished-at="2026-03-09T17:08:22 ICT" duration-ms="0" status="PASS">
          <reporter-output>
          </reporter-output>
        </test-method> <!-- afterMethod -->
        <test-method is-config="true" signature="afterSuite()[pri:0, instance:com.automation.tests.user.UserApiTest@9d3c67]" started-at="2026-03-09T17:08:22 ICT" name="afterSuite" finished-at="2026-03-09T17:08:22 ICT" duration-ms="0" status="PASS">
          <reporter-output>
          </reporter-output>
        </test-method> <!-- afterSuite -->
      </class> <!-- com.automation.tests.user.UserApiTest -->
    </test> <!-- User API Tests -->
  </suite> <!-- Regression Suite -->
</testng-results>
