<?xml version="1.0" encoding="UTF-8"?>
<testsuite xmlns:xsi="http://www.w3.org/2001/XMLSchema-instance" xsi:noNamespaceSchemaLocation="https://maven.apache.org/surefire/maven-surefire-plugin/xsd/surefire-test-report-3.0.xsd" version="3.0" name="TestSuite" time="5.845" tests="19" errors="0" skipped="1" failures="0">
  <properties>
[...]
</properties>
  <testcase name="testDuplicateEmail" classname="com.automation.tests.user.UserApiTest" time="1.849">
    <system-out><![CDATA[17:08:18.133 [main] INFO  com.automation.utils.LogUtils - Initializing Automation Framework
17:08:18.141 [main] INFO  com.automation.utils.LogUtils - Loaded environment config: D:\Projeck\random-user\automation\automation-rest-assured\src\test\resources\config\configs-dev.properties
17:08:18.142 [main] INFO  com.automation.utils.LogUtils - Active Environment: dev
17:08:18.610 [main] INFO  com.automation.utils.LogUtils - Base URI: http://localhost:3000
17:08:18.610 [main] INFO  com.automation.utils.LogUtils - Base Path: /
17:08:18.615 [main] INFO  com.automation.utils.LogUtils - Starting Test Suite: User API Tests
17:08:18.658 [TestNG-test-User API Tests-1] INFO  com.automation.utils.LogUtils - Starting Test Method
17:08:18.658 [TestNG-test-User API Tests-2] INFO  com.automation.utils.LogUtils - Starting Test Method
17:08:18.736 [TestNG-test-User API Tests-2] INFO  com.automation.utils.LogUtils - Test Started: validateAuditLogAfterUpdate
17:08:18.736 [TestNG-test-User API Tests-1] INFO  com.automation.utils.LogUtils - Test Started: testDuplicateEmail
17:08:20.495 [TestNG-test-User API Tests-1] INFO  com.automation.utils.LogUtils - Duplicate email creation status: 400
]]></system-out>
  </testcase>
  <testcase name="testExternalConnect" classname="com.automation.tests.user.UserApiTest" time="0.59">
    <system-out><![CDATA[17:08:20.587 [TestNG-test-User API Tests-1] INFO  com.automation.utils.LogUtils - Test Passed: testDuplicateEmail
17:08:20.590 [TestNG-test-User API Tests-1] INFO  com.automation.utils.LogUtils - Starting Test Method
17:08:20.592 [TestNG-test-User API Tests-1] INFO  com.automation.utils.LogUtils - Test Started: testExternalConnect
]]></system-out>
  </testcase>
  <testcase name="testExternalFailure" classname="com.automation.tests.user.UserApiTest" time="0.0">
    <skipped message="External provider is healthy. Enable failure mock/stub to validate API_13."/>
    <system-out><![CDATA[17:08:21.569 [TestNG-test-User API Tests-2] INFO  com.automation.utils.LogUtils - Test Passed: validateUpdateReflectedInDb
17:08:21.572 [TestNG-test-User API Tests-2] INFO  com.automation.utils.LogUtils - Starting Test Method
17:08:21.574 [TestNG-test-User API Tests-2] INFO  com.automation.utils.LogUtils - Test Started: validateUserInsertedAfterPost
]]></system-out>
  </testcase>
  <testcase name="testGetApiInfo" classname="com.automation.tests.user.UserApiTest" time="0.022">
    <system-out><![CDATA[17:08:21.610 [TestNG-test-User API Tests-1] WARN  com.automation.utils.LogUtils - Test Skipped: testExternalFailure
17:08:21.612 [TestNG-test-User API Tests-1] INFO  com.automation.utils.LogUtils - Starting Test Method
17:08:21.614 [TestNG-test-User API Tests-1] INFO  com.automation.utils.LogUtils - Test Started: testGetApiInfo
]]></system-out>
  </testcase>
  <testcase name="testGetNonExistingId" classname="com.automation.tests.user.UserApiTest" time="0.015">
    <system-out><![CDATA[17:08:21.638 [TestNG-test-User API Tests-1] INFO  com.automation.utils.LogUtils - Test Passed: testGetApiInfo
17:08:21.644 [TestNG-test-User API Tests-1] INFO  com.automation.utils.LogUtils - Starting Test Method
17:08:21.646 [TestNG-test-User API Tests-1] INFO  com.automation.utils.LogUtils - Test Started: testGetNonExistingId
]]></system-out>
  </testcase>
  <testcase name="testGetUsers" classname="com.automation.tests.user.UserApiTest" time="0.033">
    <system-out><![CDATA[17:08:21.680 [TestNG-test-User API Tests-2] INFO  com.automation.utils.LogUtils - Test Passed: validateUserInsertedAfterPost
]]></system-out>
  </testcase>
  <testcase name="testInvalidDataType" classname="com.automation.tests.user.UserApiTest" time="0.016">
    <system-out><![CDATA[17:08:21.701 [TestNG-test-User API Tests-1] INFO  com.automation.utils.LogUtils - Test Passed: testGetUsers
17:08:21.703 [TestNG-test-User API Tests-1] INFO  com.automation.utils.LogUtils - Starting Test Method
17:08:21.705 [TestNG-test-User API Tests-1] INFO  com.automation.utils.LogUtils - Test Started: testInvalidDataType
]]></system-out>
  </testcase>
  <testcase name="testInvalidEmail" classname="com.automation.tests.user.UserApiTest" time="0.019">
    <system-out><![CDATA[17:08:21.723 [TestNG-test-User API Tests-1] INFO  com.automation.utils.LogUtils - Test Passed: testInvalidDataType
17:08:21.725 [TestNG-test-User API Tests-1] INFO  com.automation.utils.LogUtils - Starting Test Method
17:08:21.727 [TestNG-test-User API Tests-1] INFO  com.automation.utils.LogUtils - Test Started: testInvalidEmail
]]></system-out>
  </testcase>
  <testcase name="testMissingFields" classname="com.automation.tests.user.UserApiTest" time="0.011">
    <system-out><![CDATA[17:08:21.748 [TestNG-test-User API Tests-1] INFO  com.automation.utils.LogUtils - Test Passed: testInvalidEmail
17:08:21.750 [TestNG-test-User API Tests-1] INFO  com.automation.utils.LogUtils - Starting Test Method
17:08:21.751 [TestNG-test-User API Tests-1] INFO  com.automation.utils.LogUtils - Test Started: testMissingFields
]]></system-out>
  </testcase>
  <testcase name="testPaginationLowBoundary" classname="com.automation.tests.user.UserApiTest" time="0.014">
    <system-out><![CDATA[17:08:21.763 [TestNG-test-User API Tests-1] INFO  com.automation.utils.LogUtils - Test Passed: testMissingFields
17:08:21.765 [TestNG-test-User API Tests-1] INFO  com.automation.utils.LogUtils - Starting Test Method
17:08:21.765 [TestNG-test-User API Tests-1] INFO  com.automation.utils.LogUtils - Test Started: testPaginationLowBoundary
]]></system-out>
  </testcase>
  <testcase name="testPaginationMaxBoundary" classname="com.automation.tests.user.UserApiTest" time="0.022">
    <system-out><![CDATA[17:08:21.781 [TestNG-test-User API Tests-1] INFO  com.automation.utils.LogUtils - Test Passed: testPaginationLowBoundary
17:08:21.784 [TestNG-test-User API Tests-1] INFO  com.automation.utils.LogUtils - Starting Test Method
17:08:21.785 [TestNG-test-User API Tests-1] INFO  com.automation.utils.LogUtils - Test Started: testPaginationMaxBoundary
]]></system-out>
  </testcase>
  <testcase name="testPerformance" classname="com.automation.tests.user.UserApiTest" time="0.01">
    <system-out><![CDATA[17:08:21.809 [TestNG-test-User API Tests-1] INFO  com.automation.utils.LogUtils - Test Passed: testPaginationMaxBoundary
17:08:21.812 [TestNG-test-User API Tests-1] INFO  com.automation.utils.LogUtils - Starting Test Method
17:08:21.814 [TestNG-test-User API Tests-1] INFO  com.automation.utils.LogUtils - Test Started: testPerformance
17:08:21.824 [TestNG-test-User API Tests-1] INFO  com.automation.utils.LogUtils - Response time: 5ms
]]></system-out>
  </testcase>
  <testcase name="testSqlInjectionSearch" classname="com.automation.tests.user.UserApiTest" time="0.018">
    <system-out><![CDATA[17:08:21.826 [TestNG-test-User API Tests-1] INFO  com.automation.utils.LogUtils - Test Passed: testPerformance
17:08:21.828 [TestNG-test-User API Tests-1] INFO  com.automation.utils.LogUtils - Starting Test Method
17:08:21.829 [TestNG-test-User API Tests-1] INFO  com.automation.utils.LogUtils - Test Started: testSqlInjectionSearch
]]></system-out>
  </testcase>
  <testcase name="testUserCrudFlow" classname="com.automation.tests.user.UserApiTest" time="0.377">
    <system-out><![CDATA[17:08:21.848 [TestNG-test-User API Tests-1] INFO  com.automation.utils.LogUtils - Test Passed: testSqlInjectionSearch
17:08:21.850 [TestNG-test-User API Tests-1] INFO  com.automation.utils.LogUtils - Starting Test Method
17:08:21.851 [TestNG-test-User API Tests-1] INFO  com.automation.utils.LogUtils - Test Started: testUserCrudFlow
17:08:21.852 [TestNG-test-User API Tests-1] INFO  com.automation.utils.LogUtils - Starting User CRUD Flow
17:08:21.853 [TestNG-test-User API Tests-1] INFO  com.automation.utils.LogUtils - Creating user: crud_geneva.schaden@hotmail.com
17:08:22.199 [TestNG-test-User API Tests-1] INFO  com.automation.utils.LogUtils - Getting user by ID: 94
17:08:22.207 [TestNG-test-User API Tests-1] INFO  com.automation.utils.LogUtils - Updating user ID: 94
17:08:22.218 [TestNG-test-User API Tests-1] INFO  com.automation.utils.LogUtils - Deleting user ID: 94
]]></system-out>
  </testcase>
  <testcase name="validateAuditLogAfterUpdate" classname="com.automation.tests.user.DatabaseValidationTest" time="0.128">
    <system-out><![CDATA[17:08:21.183 [TestNG-test-User API Tests-1] INFO  com.automation.utils.LogUtils - Test Passed: testExternalConnect
17:08:21.186 [TestNG-test-User API Tests-1] INFO  com.automation.utils.LogUtils - Starting Test Method
17:08:21.187 [TestNG-test-User API Tests-1] INFO  com.automation.utils.LogUtils - Test Started: testExternalFailure
]]></system-out>
  </testcase>
  <testcase name="validateDeleteRemovedRecord" classname="com.automation.tests.user.DatabaseValidationTest" time="0.074">
    <system-out><![CDATA[17:08:21.318 [TestNG-test-User API Tests-2] INFO  com.automation.utils.LogUtils - Test Passed: validateAuditLogAfterUpdate
17:08:21.320 [TestNG-test-User API Tests-2] INFO  com.automation.utils.LogUtils - Starting Test Method
17:08:21.322 [TestNG-test-User API Tests-2] INFO  com.automation.utils.LogUtils - Test Started: validateDeleteRemovedRecord
]]></system-out>
  </testcase>
  <testcase name="validateEmailUniquenessConstraint" classname="com.automation.tests.user.DatabaseValidationTest" time="0.099">
    <system-out><![CDATA[17:08:21.398 [TestNG-test-User API Tests-2] INFO  com.automation.utils.LogUtils - Test Passed: validateDeleteRemovedRecord
17:08:21.400 [TestNG-test-User API Tests-2] INFO  com.automation.utils.LogUtils - Starting Test Method
17:08:21.401 [TestNG-test-User API Tests-2] INFO  com.automation.utils.LogUtils - Test Started: validateEmailUniquenessConstraint
]]></system-out>
  </testcase>
  <testcase name="validateUpdateReflectedInDb" classname="com.automation.tests.user.DatabaseValidationTest" time="0.062">
    <system-out><![CDATA[17:08:21.502 [TestNG-test-User API Tests-2] INFO  com.automation.utils.LogUtils - Test Passed: validateEmailUniquenessConstraint
17:08:21.504 [TestNG-test-User API Tests-2] INFO  com.automation.utils.LogUtils - Starting Test Method
17:08:21.505 [TestNG-test-User API Tests-2] INFO  com.automation.utils.LogUtils - Test Started: validateUpdateReflectedInDb
]]></system-out>
  </testcase>
  <testcase name="validateUserInsertedAfterPost" classname="com.automation.tests.user.DatabaseValidationTest" time="0.012">
    <system-out><![CDATA[17:08:21.664 [TestNG-test-User API Tests-1] INFO  com.automation.utils.LogUtils - Test Passed: testGetNonExistingId
17:08:21.666 [TestNG-test-User API Tests-1] INFO  com.automation.utils.LogUtils - Starting Test Method
17:08:21.667 [TestNG-test-User API Tests-1] INFO  com.automation.utils.LogUtils - Test Started: testGetUsers
]]></system-out>
  </testcase>
</testsuite>