<?xml version="1.0" encoding="UTF-8"?>
<!-- Generated by org.testng.reporters.JUnitReportReporter -->
<testsuite hostname="DESKTOP-R09RIE8" failures="0" tests="14" name="com.automation.tests.user.UserApiTest" time="3.435" errors="0" timestamp="2026-03-09T17:08:22 ICT" skipped="1">
  <testcase classname="com.automation.tests.user.UserApiTest" name="testPaginationMaxBoundary" time="0.022"/>
  <testcase classname="com.automation.tests.user.UserApiTest" name="testInvalidEmail" time="0.022"/>
  <testcase classname="com.automation.tests.user.UserApiTest" name="testGetNonExistingId" time="0.019"/>
  <testcase classname="com.automation.tests.user.UserApiTest" name="testInvalidDataType" time="0.018"/>
  <testcase classname="com.automation.tests.user.UserApiTest" name="testMissingFields" time="0.014"/>
  <testcase classname="com.automation.tests.user.UserApiTest" name="testSqlInjectionSearch" time="0.021"/>
  <testcase classname="com.automation.tests.user.UserApiTest" name="testUserCrudFlow" time="0.379"/>
  <testcase classname="com.automation.tests.user.UserApiTest" name="testDuplicateEmail" time="1.843"/>
  <testcase classname="com.automation.tests.user.UserApiTest" name="testPerformance" time="0.011"/>
  <testcase classname="com.automation.tests.user.UserApiTest" name="testGetUsers" time="0.035"/>
  <testcase classname="com.automation.tests.user.UserApiTest" name="testExternalConnect" time="0.592"/>
  <testcase classname="com.automation.tests.user.UserApiTest" name="testGetApiInfo" time="0.023"/>
  <testcase classname="com.automation.tests.user.UserApiTest" name="testExternalFailure" time="0.420">
    <skipped/>
  </testcase> <!-- testExternalFailure -->
  <testcase classname="com.automation.tests.user.UserApiTest" name="testPaginationLowBoundary" time="0.016"/>
</testsuite> <!-- com.automation.tests.user.UserApiTest -->
